07-21 17:04:07.993  6267  6267 F DEBUG   : *** *** *** *** *** *** *** *** *** *** *** *** *** *** *** ***
07-21 17:04:07.993  6267  6267 F DEBUG   : Build fingerprint: 'oculus/vr_monterey/monterey:7.1.1/NGI77B/256550.6810.0:user/release-keys'
07-21 17:04:07.993  6267  6267 F DEBUG   : Revision: '0'
07-21 17:04:07.993  6267  6267 F DEBUG   : ABI: 'arm'
07-21 17:04:07.994  6267  6267 F DEBUG   : pid: 6247, tid: 6247, name: games.beatsaber  >>> com.beatgames.beatsaber <<<
07-21 17:04:07.994  6267  6267 F DEBUG   : signal 11 (SIGSEGV), code 1 (SEGV_MAPERR), fault addr 0x3
07-21 17:04:07.994  6267  6267 F DEBUG   :     r0 00000003  r1 ef1a35c4  r2 00000001  r3 80000000
07-21 17:04:07.994  6267  6267 F DEBUG   :     r4 00000000  r5 ead2bef8  r6 eedae1d0  r7 00000003
07-21 17:04:07.994  6267  6267 F DEBUG   :     r8 ef18fe20  r9 ef1a05f0  sl ef18fe0f  fp eedae1d0
07-21 17:04:07.994  6267  6267 F DEBUG   :     ip eac0a000  sp ffbde8e0  lr eadc778c  pc eadc61bc  cpsr 200f0010
07-21 17:04:09.031  6267  6267 F DEBUG   : 
07-21 17:04:09.031  6267  6267 F DEBUG   : backtrace:
07-21 17:04:09.031  6267  6267 F DEBUG   :     #00 pc 0009e1bc  /data/data/com.beatgames.beatsaber/cache/curmod.so
07-21 17:04:09.031  6267  6267 F DEBUG   :     #01 pc 0001b918  /data/data/com.beatgames.beatsaber/cache/curmod.so
07-21 17:04:09.031  6267  6267 F DEBUG   :     #02 pc 00020f9c  /data/data/com.beatgames.beatsaber/cache/curmod.so
07-21 17:04:09.032  6267  6267 F DEBUG   :     #03 pc 0001d8d0  /data/data/com.beatgames.beatsaber/cache/curmod.so
07-21 17:04:09.032  6267  6267 F DEBUG   :     #04 pc 0001d804  /data/data/com.beatgames.beatsaber/cache/curmod.so
07-21 17:04:09.032  6267  6267 F DEBUG   :     #05 pc 0001b6bc  /data/data/com.beatgames.beatsaber/cache/curmod.so
07-21 17:04:09.032  6267  6267 F DEBUG   :     #06 pc 000040dc  /data/data/com.beatgames.beatsaber/cache/curmod.so
07-21 17:04:09.033  6267  6267 F DEBUG   :     #07 pc 00003f0c  /data/data/com.beatgames.beatsaber/cache/curmod.so
07-21 17:04:09.033  6267  6267 F DEBUG   :     #08 pc 000067f9  /system/bin/linker (__dl__ZN6soinfo13call_functionEPKcPFvvE+84)
07-21 17:04:09.033  6267  6267 F DEBUG   :     #09 pc 00006717  /system/bin/linker (__dl__ZN6soinfo10call_arrayEPKcPPFvvEjb+186)
07-21 17:04:09.033  6267  6267 F DEBUG   :     #10 pc 000053ab  /system/bin/linker (__dl__ZN6soinfo17call_constructorsEv+222)
07-21 17:04:09.033  6267  6267 F DEBUG   :     #11 pc 00005147  /system/bin/linker (__dl__Z9do_dlopenPKciPK17android_dlextinfoPv+1358)
07-21 17:04:09.033  6267  6267 F DEBUG   :     #12 pc 00002e69  /system/bin/linker (__dl__ZL10dlopen_extPKciPK17android_dlextinfoPv+28)
07-21 17:04:09.033  6267  6267 F DEBUG   :     #13 pc 000018eb  /data/app/com.beatgames.beatsaber-1/lib/arm/libmodloader.so (load_mods+242)
07-21 17:04:09.033  6267  6267 F DEBUG   :     #14 pc 000067f9  /system/bin/linker (__dl__ZN6soinfo13call_functionEPKcPFvvE+84)
07-21 17:04:09.033  6267  6267 F DEBUG   :     #15 pc 00006717  /system/bin/linker (__dl__ZN6soinfo10call_arrayEPKcPPFvvEjb+186)
07-21 17:04:09.033  6267  6267 F DEBUG   :     #16 pc 000053ab  /system/bin/linker (__dl__ZN6soinfo17call_constructorsEv+222)
07-21 17:04:09.033  6267  6267 F DEBUG   :     #17 pc 00005147  /system/bin/linker (__dl__Z9do_dlopenPKciPK17android_dlextinfoPv+1358)
07-21 17:04:09.034  6267  6267 F DEBUG   :     #18 pc 00002e69  /system/bin/linker (__dl__ZL10dlopen_extPKciPK17android_dlextinfoPv+28)
07-21 17:04:09.034  6267  6267 F DEBUG   :     #19 pc 00003589  /system/lib/libnativeloader.so (_ZN7android17OpenNativeLibraryEP7_JNIEnviPKcP8_jobjectP8_jstring+96)
07-21 17:04:09.034  6267  6267 F DEBUG   :     #20 pc 002555b9  /system/lib/libart.so (_ZN3art9JavaVMExt17LoadNativeLibraryEP7_JNIEnvRKNSt3__112basic_stringIcNS3_11char_traitsIcEENS3_9allocatorIcEEEEP8_jobjectP8_jstringPS9_+748)
07-21 17:04:09.034  6267  6267 F DEBUG   :     #21 pc 00003437  /system/lib/libopenjdkjvm.so (JVM_NativeLoad+190)
07-21 17:04:09.034  6267  6267 F DEBUG   :     #22 pc 00583c75  /system/framework/arm/boot.oat (offset 0x51b000) (java.lang.Runtime.nativeLoad+144)
07-21 17:04:09.034  6267  6267 F DEBUG   :     #23 pc 005838b5  /system/framework/arm/boot.oat (offset 0x51b000) (java.lang.Runtime.doLoad+136)
07-21 17:04:09.034  6267  6267 F DEBUG   :     #24 pc 00584dc1  /system/framework/arm/boot.oat (offset 0x51b000) (java.lang.Runtime.loadLibrary0+540)
07-21 17:04:09.034  6267  6267 F DEBUG   :     #25 pc 0059d283  /system/framework/arm/boot.oat (offset 0x51b000) (java.lang.System.loadLibrary+78)
07-21 17:04:09.034  6267  6267 F DEBUG   :     #26 pc 000a9dc1  /system/lib/libart.so (art_quick_invoke_stub_internal+64)
07-21 17:04:09.034  6267  6267 F DEBUG   :     #27 pc 004314fb  /system/lib/libart.so (art_quick_invoke_static_stub+226)
07-21 17:04:09.034  6267  6267 F DEBUG   :     #28 pc 000b1623  /system/lib/libart.so (_ZN3art9ArtMethod6InvokeEPNS_6ThreadEPjjPNS_6JValueEPKc+186)
07-21 17:04:09.034  6267  6267 F DEBUG   :     #29 pc 00207881  /system/lib/libart.so (_ZN3art11interpreter34ArtInterpreterToCompiledCodeBridgeEPNS_6ThreadEPNS_9ArtMethodEPKNS_7DexFile8CodeItemEPNS_11ShadowFrameEPNS_6JValueE+200)
07-21 17:04:09.034  6267  6267 F DEBUG   :     #30 pc 002019e1  /system/lib/libart.so (_ZN3art11interpreter6DoCallILb0ELb0EEEbPNS_9ArtMethodEPNS_6ThreadERNS_11ShadowFrameEPKNS_11InstructionEtPNS_6JValueE+432)
07-21 17:04:09.034  6267  6267 F DEBUG   :     #31 pc 00429fe7  /system/lib/libart.so (MterpInvokeStatic+234)
07-21 17:04:09.034  6267  6267 F DEBUG   :     #32 pc 0009cd94  /system/lib/libart.so (ExecuteMterpImpl+14612)
07-21 17:04:09.034  6267  6267 F DEBUG   :     #33 pc 001e4bc7  /system/lib/libart.so (_ZN3art11interpreterL7ExecuteEPNS_6ThreadEPKNS_7DexFile8CodeItemERNS_11ShadowFrameENS_6JValueEb+282)
07-21 17:04:09.035  6267  6267 F DEBUG   :     #34 pc 001e95e5  /system/lib/libart.so (_ZN3art11interpreter30EnterInterpreterFromEntryPointEPNS_6ThreadEPKNS_7DexFile8CodeItemEPNS_11ShadowFrameE+92)
07-21 17:04:09.035  6267  6267 F DEBUG   :     #35 pc 004202f5  /system/lib/libart.so (artQuickToInterpreterBridge+748)
07-21 17:04:09.035  6267  6267 F DEBUG   :     #36 pc 000ae813  /system/lib/libart.so (art_quick_to_interpreter_bridge+34)
07-21 17:04:09.035  6267  6267 F DEBUG   :     #37 pc 000a9dc1  /system/lib/libart.so (art_quick_invoke_stub_internal+64)
07-21 17:04:09.035  6267  6267 F DEBUG   :     #38 pc 004314fb  /system/lib/libart.so (art_quick_invoke_static_stub+226)
07-21 17:04:09.035  6267  6267 F DEBUG   :     #39 pc 000b1623  /system/lib/libart.so (_ZN3art9ArtMethod6InvokeEPNS_6ThreadEPjjPNS_6JValueEPKc+186)
07-21 17:04:09.035  6267  6267 F DEBUG   :     #40 pc 000f395b  /system/lib/libart.so (_ZN3art11ClassLinker15InitializeClassEPNS_6ThreadENS_6HandleINS_6mirror5ClassEEEbb+3022)
07-21 17:04:09.035  6267  6267 F DEBUG   :     #41 pc 000de7ed  /system/lib/libart.so (_ZN3art11ClassLinker17EnsureInitializedEPNS_6ThreadENS_6HandleINS_6mirror5ClassEEEbb+120)
07-21 17:04:09.035  6267  6267 F DEBUG   :     #42 pc 002cbb13  /system/lib/libart.so (_ZN3artL17Class_newInstanceEP7_JNIEnvP8_jobject+1038)
07-21 17:04:09.035  6267  6267 F DEBUG   :     #43 pc 0056ba21  /system/framework/arm/boot.oat (offset 0x51b000) (java.lang.Class.newInstance+76)
07-21 17:04:09.035  6267  6267 F DEBUG   :     #44 pc 016b902d  /system/framework/arm/boot-framework.oat (offset 0x15bb000) (android.app.Instrumentation.newActivity+64)
07-21 17:04:09.035  6267  6267 F DEBUG   :     #45 pc 01642b73  /system/framework/arm/boot-framework.oat (offset 0x15bb000) (android.app.ActivityThread.performLaunchActivity+414)
07-21 17:04:09.035  6267  6267 F DEBUG   :     #46 pc 0163e005  /system/framework/arm/boot-framework.oat (offset 0x15bb000) (android.app.ActivityThread.handleLaunchActivity+176)
07-21 17:04:09.035  6267  6267 F DEBUG   :     #47 pc 01635579  /system/framework/arm/boot-framework.oat (offset 0x15bb000) (android.app.ActivityThread.-wrap12+60)
07-21 17:04:09.035  6267  6267 F DEBUG   :     #48 pc 0163353d  /system/framework/arm/boot-framework.oat (offset 0x15bb000) (android.app.ActivityThread$H.handleMessage+5488)
07-21 17:04:09.035  6267  6267 F DEBUG   :     #49 pc 0163088d  /system/framework/arm/boot-framework.oat (offset 0x15bb000) (android.os.Handler.dispatchMessage+112)
07-21 17:04:09.035  6267  6267 F DEBUG   :     #50 pc 01becadf  /system/framework/arm/boot-framework.oat (offset 0x15bb000) (android.os.Looper.loop+714)
07-21 17:04:09.035  6267  6267 F DEBUG   :     #51 pc 01641bf7  /system/framework/arm/boot-framework.oat (offset 0x15bb000) (android.app.ActivityThread.main+426)
07-21 17:04:09.035  6267  6267 F DEBUG   :     #52 pc 000a9dc1  /system/lib/libart.so (art_quick_invoke_stub_internal+64)
07-21 17:04:09.035  6267  6267 F DEBUG   :     #53 pc 004314fb  /system/lib/libart.so (art_quick_invoke_static_stub+226)
07-21 17:04:09.035  6267  6267 F DEBUG   :     #54 pc 000b1623  /system/lib/libart.so (_ZN3art9ArtMethod6InvokeEPNS_6ThreadEPjjPNS_6JValueEPKc+186)
07-21 17:04:09.035  6267  6267 F DEBUG   :     #55 pc 0033ee79  /system/lib/libart.so (_ZN3artL18InvokeWithArgArrayERKNS_33ScopedObjectAccessAlreadyRunnableEPNS_9ArtMethodEPNS_8ArgArrayEPNS_6JValueEPKc+56)
07-21 17:04:09.035  6267  6267 F DEBUG   :     #56 pc 003406bb  /system/lib/libart.so (_ZN3art12InvokeMethodERKNS_33ScopedObjectAccessAlreadyRunnableEP8_jobjectS4_S4_j+666)
07-21 17:04:09.035  6267  6267 F DEBUG   :     #57 pc 002d9d65  /system/lib/libart.so (_ZN3artL13Method_invokeEP7_JNIEnvP8_jobjectS3_S3_+40)
07-21 17:04:09.035  6267  6267 F DEBUG   :     #58 pc 005aebc9  /system/framework/arm/boot.oat (offset 0x51b000) (java.lang.reflect.Method.invoke+116)
07-21 17:04:09.035  6267  6267 F DEBUG   :     #59 pc 020e37a9  /system/framework/arm/boot-framework.oat (offset 0x15bb000) (com.android.internal.os.ZygoteInit$MethodAndArgsCaller.run+100)
07-21 17:04:09.035  6267  6267 F DEBUG   :     #60 pc 020e462f  /system/framework/arm/boot-framework.oat (offset 0x15bb000) (com.android.internal.os.ZygoteInit.main+1218)
07-21 17:04:09.035  6267  6267 F DEBUG   :     #61 pc 000a9dc1  /system/lib/libart.so (art_quick_invoke_stub_internal+64)
07-21 17:04:09.035  6267  6267 F DEBUG   :     #62 pc 004314fb  /system/lib/libart.so (art_quick_invoke_static_stub+226)
07-21 17:04:09.035  6267  6267 F DEBUG   :     #63 pc 000b1623  /system/lib/libart.so (_ZN3art9ArtMethod6InvokeEPNS_6ThreadEPjjPNS_6JValueEPKc+186)
